<?xml version="1.0" encoding="UTF-8"?>
<!-- Generated by org.testng.reporters.JUnitReportReporter -->
<testsuite skipped="0" hostname="naveen" name="com.dropdown.testtask.AppTest" tests="1" failures="0" timestamp="31 Jan 2019 06:52:28 GMT" time="0.008" errors="0">
  <testcase name="testApp" time="0.008" classname="com.dropdown.testtask.AppTest"/>
</testsuite> <!-- com.dropdown.testtask.AppTest -->
