<?xml version="1.0" encoding="UTF-8"?>
<!-- Generated by org.testng.reporters.JUnitReportReporter -->
<testsuite skipped="0" hostname="naveen" name="com.dropdown.testtask.Dropdowntest" tests="4" failures="0" timestamp="31 Jan 2019 06:52:28 GMT" time="324.008" errors="0">
  <testcase name="navigatingtourl" time="2.346" classname="com.dropdown.testtask.Dropdowntest"/>
  <testcase name="checkloginfunctionality" time="1.363" classname="com.dropdown.testtask.Dropdowntest"/>
  <testcase name="navigatetocheckprofilestatus" time="1.641" classname="com.dropdown.testtask.Dropdowntest"/>
  <testcase name="handledropdown" time="318.658" classname="com.dropdown.testtask.Dropdowntest"/>
</testsuite> <!-- com.dropdown.testtask.Dropdowntest -->
