<?xml version="1.0" encoding="UTF-8"?>
<!-- Generated by org.testng.reporters.JUnitReportReporter -->
<testsuite hostname="naveen" name="com.dropdown.testtask.AppTest" tests="1" failures="0" timestamp="31 Jan 2019 06:57:36 GMT" time="0.007" errors="0">
  <testcase name="testApp" time="0.007" classname="com.dropdown.testtask.AppTest"/>
</testsuite> <!-- com.dropdown.testtask.AppTest -->
